# dune runtest -f
# OCAMLPARAM: unset
# Workspace root:
# /mnt/c/Users/Haxorouse/Documents/GitHub/cmsc330spring22/project2b
$ /usr/bin/nproc > /tmp/dune98ea82.output 2> /dev/null
# Auto-detected concurrency: 16
# disable binary cache
$ /home/hax/.opam/4.12.0/bin/ocamlc.opt -config > /tmp/dune24949c.output
# Dune context:
#  { name = "default"
#  ; kind = "default"
#  ; profile = Dyn
#  ; merlin = true
#  ; for_host = None
#  ; fdo_target_exe = None
#  ; build_dir = "default"
#  ; toplevel_path = Some External "/home/hax/.opam/4.12.0/lib/toplevel"
#  ; ocaml_bin = External "/home/hax/.opam/4.12.0/bin"
#  ; ocaml = Ok External "/home/hax/.opam/4.12.0/bin/ocaml"
#  ; ocamlc = External "/home/hax/.opam/4.12.0/bin/ocamlc.opt"
#  ; ocamlopt = Ok External "/home/hax/.opam/4.12.0/bin/ocamlopt.opt"
#  ; ocamldep = Ok External "/home/hax/.opam/4.12.0/bin/ocamldep.opt"
#  ; ocamlmklib = Ok External "/home/hax/.opam/4.12.0/bin/ocamlmklib.opt"
#  ; env =
#      map
#        { "DUNE_OCAML_HARDCODED" : "/home/hax/.opam/4.12.0/lib"
#        ; "DUNE_OCAML_STDLIB" : "/home/hax/.opam/4.12.0/lib/ocaml"
#        ; "DUNE_SOURCEROOT" :
#            "/mnt/c/Users/Haxorouse/Documents/GitHub/cmsc330spring22/project2b"
#        ; "INSIDE_DUNE" :
#            "/mnt/c/Users/Haxorouse/Documents/GitHub/cmsc330spring22/project2b/_build/default"
#        ; "OCAMLFIND_IGNORE_DUPS_IN" :
#            "/mnt/c/Users/Haxorouse/Documents/GitHub/cmsc330spring22/project2b/_build/install/default/lib"
#        ; "OCAMLPATH" :
#            "/mnt/c/Users/Haxorouse/Documents/GitHub/cmsc330spring22/project2b/_build/install/default/lib"
#        ; "OCAMLTOP_INCLUDE_PATH" :
#            "/mnt/c/Users/Haxorouse/Documents/GitHub/cmsc330spring22/project2b/_build/install/default/lib/toplevel"
#        ; "OCAML_COLOR" : "always"
#        ; "OPAMCOLOR" : "always"
#        }
#  ; findlib_path = [ External "/home/hax/.opam/4.12.0/lib" ]
#  ; arch_sixtyfour = true
#  ; natdynlink_supported = true
#  ; supports_shared_libraries = true
#  ; ocaml_config =
#      { version = "4.12.0"
#      ; standard_library_default = "/home/hax/.opam/4.12.0/lib/ocaml"
#      ; standard_library = "/home/hax/.opam/4.12.0/lib/ocaml"
#      ; standard_runtime = "the_standard_runtime_variable_was_deleted"
#      ; ccomp_type = "cc"
#      ; c_compiler = "gcc"
#      ; ocamlc_cflags = [ "-O2"; "-fno-strict-aliasing"; "-fwrapv"; "-fPIC" ]
#      ; ocamlc_cppflags = [ "-D_FILE_OFFSET_BITS=64"; "-D_REENTRANT" ]
#      ; ocamlopt_cflags =
#          [ "-O2"; "-fno-strict-aliasing"; "-fwrapv"; "-fPIC" ]
#      ; ocamlopt_cppflags = [ "-D_FILE_OFFSET_BITS=64"; "-D_REENTRANT" ]
#      ; bytecomp_c_compiler =
#          [ "gcc"
#          ; "-O2"
#          ; "-fno-strict-aliasing"
#          ; "-fwrapv"
#          ; "-fPIC"
#          ; "-D_FILE_OFFSET_BITS=64"
#          ; "-D_REENTRANT"
#          ]
#      ; bytecomp_c_libraries = [ "-lm"; "-ldl"; "-lpthread" ]
#      ; native_c_compiler =
#          [ "gcc"
#          ; "-O2"
#          ; "-fno-strict-aliasing"
#          ; "-fwrapv"
#          ; "-fPIC"
#          ; "-D_FILE_OFFSET_BITS=64"
#          ; "-D_REENTRANT"
#          ]
#      ; native_c_libraries = [ "-lm"; "-ldl" ]
#      ; cc_profile = []
#      ; architecture = "amd64"
#      ; model = "default"
#      ; int_size = 63
#      ; word_size = 64
#      ; system = "linux"
#      ; asm = [ "as" ]
#      ; asm_cfi_supported = true
#      ; with_frame_pointers = false
#      ; ext_exe = ""
#      ; ext_obj = ".o"
#      ; ext_asm = ".s"
#      ; ext_lib = ".a"
#      ; ext_dll = ".so"
#      ; os_type = "Unix"
#      ; default_executable_name = "a.out"
#      ; systhread_supported = true
#      ; host = "x86_64-pc-linux-gnu"
#      ; target = "x86_64-pc-linux-gnu"
#      ; profiling = false
#      ; flambda = false
#      ; spacetime = false
#      ; safe_string = true
#      ; exec_magic_number = "Caml1999X029"
#      ; cmi_magic_number = "Caml1999I029"
#      ; cmo_magic_number = "Caml1999O029"
#      ; cma_magic_number = "Caml1999A029"
#      ; cmx_magic_number = "Caml1999Y029"
#      ; cmxa_magic_number = "Caml1999Z029"
#      ; ast_impl_magic_number = "Caml1999M029"
#      ; ast_intf_magic_number = "Caml1999N029"
#      ; cmxs_magic_number = "Caml1999D029"
#      ; cmt_magic_number = "Caml1999T029"
#      ; natdynlink_supported = true
#      ; supports_shared_libraries = true
#      ; windows_unicode = false
#      }
#  }
$ (cd _build/default && /home/hax/.opam/4.12.0/bin/ocamlopt.opt -w @1..3@5..28@30..39@43@46..47@49..57@61..62-40 -strict-sequence -strict-formats -short-paths -keep-locs -w -49 -nopervasives -nostdlib -g -I src/.p2b.objs/byte -I src/.p2b.objs/native -intf-suffix .ml-gen -no-alias-deps -opaque -o src/.p2b.objs/native/p2b.cmx -c -impl src/p2b.ml-gen)
$ (cd _build/default && /home/hax/.opam/4.12.0/bin/ocamlopt.opt -w @1..3@5..28@30..39@43@46..47@49..57@61..62-40 -strict-sequence -strict-formats -short-paths -keep-locs -w -27-39-33-32 -g -I src/.p2b.objs/byte -I src/.p2b.objs/native -I /home/hax/.opam/4.12.0/lib/bytes -I /home/hax/.opam/4.12.0/lib/oUnit -I /home/hax/.opam/4.12.0/lib/ounit2 -I /home/hax/.opam/4.12.0/lib/ounit2/advanced -I /home/hax/.opam/4.12.0/lib/stdlib-shims -intf-suffix .ml -no-alias-deps -opaque -open P2b -o src/.p2b.objs/native/p2b__Data.cmx -c -impl src/data.ml)
$ (cd _build/default && /home/hax/.opam/4.12.0/bin/ocamlopt.opt -w @1..3@5..28@30..39@43@46..47@49..57@61..62-40 -strict-sequence -strict-formats -short-paths -keep-locs -w -27-39-33-32 -g -I src/.p2b.objs/byte -I src/.p2b.objs/native -I /home/hax/.opam/4.12.0/lib/bytes -I /home/hax/.opam/4.12.0/lib/oUnit -I /home/hax/.opam/4.12.0/lib/ounit2 -I /home/hax/.opam/4.12.0/lib/ounit2/advanced -I /home/hax/.opam/4.12.0/lib/stdlib-shims -intf-suffix .ml -no-alias-deps -opaque -open P2b -o src/.p2b.objs/native/p2b__Funs.cmx -c -impl src/funs.ml)
$ (cd _build/default && /home/hax/.opam/4.12.0/bin/ocamlopt.opt -w @1..3@5..28@30..39@43@46..47@49..57@61..62-40 -strict-sequence -strict-formats -short-paths -keep-locs -w -27-39-33-32 -g -I src/.p2b.objs/byte -I src/.p2b.objs/native -I /home/hax/.opam/4.12.0/lib/bytes -I /home/hax/.opam/4.12.0/lib/oUnit -I /home/hax/.opam/4.12.0/lib/ounit2 -I /home/hax/.opam/4.12.0/lib/ounit2/advanced -I /home/hax/.opam/4.12.0/lib/stdlib-shims -intf-suffix .ml -no-alias-deps -opaque -open P2b -o src/.p2b.objs/native/p2b__Higher.cmx -c -impl src/higher.ml)
$ (cd _build/default && /home/hax/.opam/4.12.0/bin/ocamlc.opt -w @1..3@5..28@30..39@43@46..47@49..57@61..62-40 -strict-sequence -strict-formats -short-paths -keep-locs -g -bin-annot -I test/.testUtils.objs/byte -I /home/hax/.opam/4.12.0/lib/bytes -I /home/hax/.opam/4.12.0/lib/oUnit -I /home/hax/.opam/4.12.0/lib/ounit2 -I /home/hax/.opam/4.12.0/lib/ounit2/advanced -I /home/hax/.opam/4.12.0/lib/stdlib-shims -I src/.p2b.objs/byte -no-alias-deps -opaque -o test/.testUtils.objs/byte/testUtils.cmo -c -impl test/testUtils.ml)
$ (cd _build/default && /home/hax/.opam/4.12.0/bin/ocamlopt.opt -w @1..3@5..28@30..39@43@46..47@49..57@61..62-40 -strict-sequence -strict-formats -short-paths -keep-locs -g -I test/.testUtils.objs/byte -I test/.testUtils.objs/native -I /home/hax/.opam/4.12.0/lib/bytes -I /home/hax/.opam/4.12.0/lib/oUnit -I /home/hax/.opam/4.12.0/lib/ounit2 -I /home/hax/.opam/4.12.0/lib/ounit2/advanced -I /home/hax/.opam/4.12.0/lib/stdlib-shims -I src/.p2b.objs/byte -I src/.p2b.objs/native -intf-suffix .ml -no-alias-deps -opaque -o test/.testUtils.objs/native/testUtils.cmx -c -impl test/testUtils.ml)
$ (cd _build/default && /home/hax/.opam/4.12.0/bin/ocamlopt.opt -w @1..3@5..28@30..39@43@46..47@49..57@61..62-40 -strict-sequence -strict-formats -short-paths -keep-locs -w -27-39-33-32 -g -a -o src/p2b.cmxa src/.p2b.objs/native/p2b.cmx src/.p2b.objs/native/p2b__Funs.cmx src/.p2b.objs/native/p2b__Higher.cmx src/.p2b.objs/native/p2b__Data.cmx)
$ (cd _build/default && /home/hax/.opam/4.12.0/bin/ocamlopt.opt -w @1..3@5..28@30..39@43@46..47@49..57@61..62-40 -strict-sequence -strict-formats -short-paths -keep-locs -g -a -o test/testUtils.cmxa test/.testUtils.objs/native/testUtils.cmx)
$ (cd _build/default && /home/hax/.opam/4.12.0/bin/ocamlc.opt -w @1..3@5..28@30..39@43@46..47@49..57@61..62-40 -strict-sequence -strict-formats -short-paths -keep-locs -g -bin-annot -I test/pbt/.pbt.eobjs/byte -I /home/hax/.opam/4.12.0/lib/bytes -I /home/hax/.opam/4.12.0/lib/oUnit -I /home/hax/.opam/4.12.0/lib/ounit2 -I /home/hax/.opam/4.12.0/lib/ounit2/advanced -I /home/hax/.opam/4.12.0/lib/qcheck -I /home/hax/.opam/4.12.0/lib/qcheck-core -I /home/hax/.opam/4.12.0/lib/qcheck-core/runner -I /home/hax/.opam/4.12.0/lib/qcheck-ounit -I /home/hax/.opam/4.12.0/lib/stdlib-shims -I src/.p2b.objs/byte -I test/.testUtils.objs/byte -no-alias-deps -opaque -o test/pbt/.pbt.eobjs/byte/dune__exe__Pbt.cmo -c -impl test/pbt/pbt.ml)
$ (cd _build/default && /home/hax/.opam/4.12.0/bin/ocamlc.opt -w @1..3@5..28@30..39@43@46..47@49..57@61..62-40 -strict-sequence -strict-formats -short-paths -keep-locs -g -bin-annot -I test/public/.public.eobjs/byte -I /home/hax/.opam/4.12.0/lib/bytes -I /home/hax/.opam/4.12.0/lib/oUnit -I /home/hax/.opam/4.12.0/lib/ounit2 -I /home/hax/.opam/4.12.0/lib/ounit2/advanced -I /home/hax/.opam/4.12.0/lib/stdlib-shims -I src/.p2b.objs/byte -I test/.testUtils.objs/byte -no-alias-deps -opaque -o test/public/.public.eobjs/byte/dune__exe__Public.cmo -c -impl test/public/public.ml)
$ (cd _build/default && /home/hax/.opam/4.12.0/bin/ocamlc.opt -w @1..3@5..28@30..39@43@46..47@49..57@61..62-40 -strict-sequence -strict-formats -short-paths -keep-locs -w -33 -g -bin-annot -I test/student/.student.eobjs/byte -I /home/hax/.opam/4.12.0/lib/bytes -I /home/hax/.opam/4.12.0/lib/oUnit -I /home/hax/.opam/4.12.0/lib/ounit2 -I /home/hax/.opam/4.12.0/lib/ounit2/advanced -I /home/hax/.opam/4.12.0/lib/stdlib-shims -I src/.p2b.objs/byte -I test/.testUtils.objs/byte -no-alias-deps -opaque -o test/student/.student.eobjs/byte/dune__exe__Student.cmo -c -impl test/student/student.ml)
$ (cd _build/default && /home/hax/.opam/4.12.0/bin/ocamlopt.opt -w @1..3@5..28@30..39@43@46..47@49..57@61..62-40 -strict-sequence -strict-formats -short-paths -keep-locs -g -I test/pbt/.pbt.eobjs/byte -I test/pbt/.pbt.eobjs/native -I /home/hax/.opam/4.12.0/lib/bytes -I /home/hax/.opam/4.12.0/lib/oUnit -I /home/hax/.opam/4.12.0/lib/ounit2 -I /home/hax/.opam/4.12.0/lib/ounit2/advanced -I /home/hax/.opam/4.12.0/lib/qcheck -I /home/hax/.opam/4.12.0/lib/qcheck-core -I /home/hax/.opam/4.12.0/lib/qcheck-core/runner -I /home/hax/.opam/4.12.0/lib/qcheck-ounit -I /home/hax/.opam/4.12.0/lib/stdlib-shims -I src/.p2b.objs/byte -I src/.p2b.objs/native -I test/.testUtils.objs/byte -I test/.testUtils.objs/native -intf-suffix .ml -no-alias-deps -opaque -o test/pbt/.pbt.eobjs/native/dune__exe__Pbt.cmx -c -impl test/pbt/pbt.ml)
$ (cd _build/default && /home/hax/.opam/4.12.0/bin/ocamlopt.opt -w @1..3@5..28@30..39@43@46..47@49..57@61..62-40 -strict-sequence -strict-formats -short-paths -keep-locs -w -33 -g -I test/student/.student.eobjs/byte -I test/student/.student.eobjs/native -I /home/hax/.opam/4.12.0/lib/bytes -I /home/hax/.opam/4.12.0/lib/oUnit -I /home/hax/.opam/4.12.0/lib/ounit2 -I /home/hax/.opam/4.12.0/lib/ounit2/advanced -I /home/hax/.opam/4.12.0/lib/stdlib-shims -I src/.p2b.objs/byte -I src/.p2b.objs/native -I test/.testUtils.objs/byte -I test/.testUtils.objs/native -intf-suffix .ml -no-alias-deps -opaque -o test/student/.student.eobjs/native/dune__exe__Student.cmx -c -impl test/student/student.ml)
$ (cd _build/default && /home/hax/.opam/4.12.0/bin/ocamlopt.opt -w @1..3@5..28@30..39@43@46..47@49..57@61..62-40 -strict-sequence -strict-formats -short-paths -keep-locs -g -I test/public/.public.eobjs/byte -I test/public/.public.eobjs/native -I /home/hax/.opam/4.12.0/lib/bytes -I /home/hax/.opam/4.12.0/lib/oUnit -I /home/hax/.opam/4.12.0/lib/ounit2 -I /home/hax/.opam/4.12.0/lib/ounit2/advanced -I /home/hax/.opam/4.12.0/lib/stdlib-shims -I src/.p2b.objs/byte -I src/.p2b.objs/native -I test/.testUtils.objs/byte -I test/.testUtils.objs/native -intf-suffix .ml -no-alias-deps -opaque -o test/public/.public.eobjs/native/dune__exe__Public.cmx -c -impl test/public/public.ml)
$ (cd _build/default && /home/hax/.opam/4.12.0/bin/ocamlopt.opt -w @1..3@5..28@30..39@43@46..47@49..57@61..62-40 -strict-sequence -strict-formats -short-paths -keep-locs -w -33 -g -o test/student/student.exe /home/hax/.opam/4.12.0/lib/ocaml/unix.cmxa -I /home/hax/.opam/4.12.0/lib/ocaml /home/hax/.opam/4.12.0/lib/stdlib-shims/stdlib_shims.cmxa /home/hax/.opam/4.12.0/lib/ounit2/advanced/oUnitAdvanced.cmxa /home/hax/.opam/4.12.0/lib/ounit2/oUnit.cmxa src/p2b.cmxa test/testUtils.cmxa test/student/.student.eobjs/native/dune__exe__Student.cmx)
$ (cd _build/default && /home/hax/.opam/4.12.0/bin/ocamlopt.opt -w @1..3@5..28@30..39@43@46..47@49..57@61..62-40 -strict-sequence -strict-formats -short-paths -keep-locs -g -o test/public/public.exe /home/hax/.opam/4.12.0/lib/ocaml/unix.cmxa -I /home/hax/.opam/4.12.0/lib/ocaml /home/hax/.opam/4.12.0/lib/stdlib-shims/stdlib_shims.cmxa /home/hax/.opam/4.12.0/lib/ounit2/advanced/oUnitAdvanced.cmxa /home/hax/.opam/4.12.0/lib/ounit2/oUnit.cmxa src/p2b.cmxa test/testUtils.cmxa test/public/.public.eobjs/native/dune__exe__Public.cmx)
$ (cd _build/default/test/student && ./student.exe)
> .
> Ran: 1 tests in: 0.11 seconds.
> OK
$ (cd _build/default && /home/hax/.opam/4.12.0/bin/ocamlopt.opt -w @1..3@5..28@30..39@43@46..47@49..57@61..62-40 -strict-sequence -strict-formats -short-paths -keep-locs -g -o test/pbt/pbt.exe /home/hax/.opam/4.12.0/lib/ocaml/unix.cmxa -I /home/hax/.opam/4.12.0/lib/ocaml /home/hax/.opam/4.12.0/lib/stdlib-shims/stdlib_shims.cmxa /home/hax/.opam/4.12.0/lib/ounit2/advanced/oUnitAdvanced.cmxa /home/hax/.opam/4.12.0/lib/ounit2/oUnit.cmxa src/p2b.cmxa /home/hax/.opam/4.12.0/lib/qcheck-core/qcheck_core.cmxa /home/hax/.opam/4.12.0/lib/qcheck-core/runner/qcheck_runner.cmxa /home/hax/.opam/4.12.0/lib/qcheck-ounit/qcheck_ounit.cmxa /home/hax/.opam/4.12.0/lib/qcheck/qcheck.cmxa test/testUtils.cmxa test/pbt/.pbt.eobjs/native/dune__exe__Pbt.cmx)
$ (cd _build/default/test/public && ./public.exe)
> ......EEEEEE
> ==============================================================================
> Error: public:11:scopes.
>
> File "/mnt/c/Users/Haxorouse/Documents/GitHub/cmsc330spring22/project2b/_build/default/test/public/oUnit-public-Celestrium#02.log", line 5, characters 1-1:
> Error: public:11:scopes (in the log).
>
> Raised at Stdlib.failwith in file "stdlib.ml", line 29, characters 17-33
> Called from Dune__exe__Public.public_scopes in file "test/public/public.ml", line 143, characters 10-32
> Called from OUnitRunner.run_one_test.(fun) in file "src/lib/ounit2/advanced/oUnitRunner.ml", line 83, characters 13-26
>
> Failure("unimplemented")
> ------------------------------------------------------------------------------
> ==============================================================================
> Error: public:10:var.
>
> File "/mnt/c/Users/Haxorouse/Documents/GitHub/cmsc330spring22/project2b/_build/default/test/public/oUnit-public-Celestrium#01.log", line 5, characters 1-1:
> Error: public:10:var (in the log).
>
> Raised at Stdlib.failwith in file "stdlib.ml", line 29, characters 17-33
> Called from Dune__exe__Public.public_var in file "test/public/public.ml", line 133, characters 10-32
> Called from OUnitRunner.run_one_test.(fun) in file "src/lib/ounit2/advanced/oUnitRunner.ml", line 83, characters 13-26
>
> Failure("unimplemented")
> ------------------------------------------------------------------------------
> ==============================================================================
> Error: public:7:int_tree_insert_and_mem.
>
> File "/mnt/c/Users/Haxorouse/Documents/GitHub/cmsc330spring22/project2b/_build/default/test/public/oUnit-public-Celestrium#08.log", line 2, characters 1-1:
> Error: public:7:int_tree_insert_and_mem (in the log).
>
> Raised at Stdlib.failwith in file "stdlib.ml", line 29, characters 17-33
> Called from Dune__exe__Public.public_int_tree_insert_and_mem in file "test/public/public.ml", line 90, characters 27-57
> Called from OUnitRunner.run_one_test.(fun) in file "src/lib/ounit2/advanced/oUnitRunner.ml", line 83, characters 13-26
>
> Failure("unimplemented")
> ------------------------------------------------------------------------------
> ==============================================================================
> Error: public:9:tree_map_put_and_get.
>
> File "/mnt/c/Users/Haxorouse/Documents/GitHub/cmsc330spring22/project2b/_build/default/test/public/oUnit-public-Celestrium#03.log", line 5, characters 1-1:
> Error: public:9:tree_map_put_and_get (in the log).
>
> Raised at Stdlib.failwith in file "stdlib.ml", line 29, characters 17-33
> Called from Dune__exe__Public.public_tree_map_put_and_get in file "test/public/public.ml", line 123, characters 11-27
> Called from OUnitRunner.run_one_test.(fun) in file "src/lib/ounit2/advanced/oUnitRunner.ml", line 83, characters 13-26
>
> Failure("unimplemented")
> ------------------------------------------------------------------------------
> ==============================================================================
> Error: public:8:int_tree_insert_and_size.
>
> File "/mnt/c/Users/Haxorouse/Documents/GitHub/cmsc330spring22/project2b/_build/default/test/public/oUnit-public-Celestrium#05.log", line 5, characters 1-1:
> Error: public:8:int_tree_insert_and_size (in the log).
>
> Raised at Stdlib.failwith in file "stdlib.ml", line 29, characters 17-33
> Called from Dune__exe__Public.public_int_tree_insert_and_size in file "test/public/public.ml", line 102, characters 27-57
> Called from OUnitRunner.run_one_test.(fun) in file "src/lib/ounit2/advanced/oUnitRunner.ml", line 83, characters 13-26
>
> Failure("unimplemented")
> ------------------------------------------------------------------------------
> ==============================================================================
> Error: public:6:insert_and_max.
>
> File "/mnt/c/Users/Haxorouse/Documents/GitHub/cmsc330spring22/project2b/_build/default/test/public/oUnit-public-Celestrium#07.log", line 2, characters 1-1:
> Error: public:6:insert_and_max (in the log).
>
> Raised at Stdlib.failwith in file "stdlib.ml", line 29, characters 17-33
> Called from Dune__exe__Public.public_int_tree_insert_and_max in file "test/public/public.ml", line 113, characters 27-57
> Called from OUnitRunner.run_one_test.(fun) in file "src/lib/ounit2/advanced/oUnitRunner.ml", line 83, characters 13-26
>
> Failure("unimplemented")
> ------------------------------------------------------------------------------
> Ran: 12 tests in: 0.14 seconds.
> FAILED: Cases: 12 Tried: 12 Errors: 6 Failures: 0 Skip:  0 Todo: 0 Timeouts: 0.
[1]
$ (cd _build/default/test/pbt && ./pbt.exe)
> ...EEEEEEEE.E....This should never happen.This should never happen.
> ==============================================================================
> Error: public:16:test_add_var_single_scope.
>
> File "/mnt/c/Users/Haxorouse/Documents/GitHub/cmsc330spring22/project2b/_build/default/test/pbt/oUnit-public-Celestrium#04.log", line 72, characters 1-1:
> Error: public:16:test_add_var_single_scope (in the log).
>
> Raised at QCheck2.Test.check_result in file "src/core/QCheck2.ml", line 1762, characters 6-78
> Called from OUnitRunner.run_one_test.(fun) in file "src/lib/ounit2/advanced/oUnitRunner.ml", line 83, characters 13-26
>
> test `test_add_var_single_scope` raised exception `Failure("unimplemented")`
> on `("", 0) (after 3 shrink steps)`
> Raised at Stdlib.failwith in file "stdlib.ml", line 29, characters 17-33
> Called from Dune__exe__Pbt.test_add_var_single_scope.(fun) in file "test/pbt/pbt.ml", line 238, characters 12-25
> Called from QCheck2.Test.run_law in file "src/core/QCheck2.ml", line 1410, characters 9-14
> Called from QCheck2.Test.check_state_input in file "src/core/QCheck2.ml", line 1533, characters 20-48
>
> ------------------------------------------------------------------------------
> ==============================================================================
> Error: public:15:test_map_put_smaller_goes_left.
>
> File "/mnt/c/Users/Haxorouse/Documents/GitHub/cmsc330spring22/project2b/_build/default/test/pbt/oUnit-public-Celestrium#02.log", line 71, characters 1-1:
> Error: public:15:test_map_put_smaller_goes_left (in the log).
>
> Raised at QCheck2.Test.check_result in file "src/core/QCheck2.ml", line 1762, characters 6-78
> Called from OUnitRunner.run_one_test.(fun) in file "src/lib/ounit2/advanced/oUnitRunner.ml", line 83, characters 13-26
>
> test `test_map_put_smaller_goes_left`
> raised exception `Failure("unimplemented")`
> on `(0, "", "", "") (after 40 shrink steps)`
> Raised at Stdlib.failwith in file "stdlib.ml", line 29, characters 17-33
> Called from Dune__exe__Pbt.test_map_put_smaller_goes_left.(fun) in file "test/pbt/pbt.ml", line 218, characters 13-27
> Called from QCheck2.Test.run_law in file "src/core/QCheck2.ml", line 1410, characters 9-14
> Called from QCheck2.Test.check_state_input in file "src/core/QCheck2.ml", line 1533, characters 20-48
>
> ------------------------------------------------------------------------------
> ==============================================================================
> Error: public:14:test_map_put_bigger_goes_right.
>
> File "/mnt/c/Users/Haxorouse/Documents/GitHub/cmsc330spring22/project2b/_build/default/test/pbt/oUnit-public-Celestrium#03.log", line 69, characters 1-1:
> Error: public:14:test_map_put_bigger_goes_right (in the log).
>
> Raised at QCheck2.Test.check_result in file "src/core/QCheck2.ml", line 1762, characters 6-78
> Called from OUnitRunner.run_one_test.(fun) in file "src/lib/ounit2/advanced/oUnitRunner.ml", line 83, characters 13-26
>
> test `test_map_put_bigger_goes_right`
> raised exception `Failure("unimplemented")`
> on `(0, "", "", "") (after 40 shrink steps)`
> Raised at Stdlib.failwith in file "stdlib.ml", line 29, characters 17-33
> Called from Dune__exe__Pbt.test_map_put_bigger_goes_right.(fun) in file "test/pbt/pbt.ml", line 197, characters 13-27
> Called from QCheck2.Test.run_law in file "src/core/QCheck2.ml", line 1410, characters 9-14
> Called from QCheck2.Test.check_state_input in file "src/core/QCheck2.ml", line 1533, characters 20-48
>
> ------------------------------------------------------------------------------
> ==============================================================================
> Error: public:13:test_map_contains_after_inserted.
>
> File "/mnt/c/Users/Haxorouse/Documents/GitHub/cmsc330spring22/project2b/_build/default/test/pbt/oUnit-public-Celestrium#04.log", line 46, characters 1-1:
> Error: public:13:test_map_contains_after_inserted (in the log).
>
> Raised at QCheck2.Test.check_result in file "src/core/QCheck2.ml", line 1762, characters 6-78
> Called from OUnitRunner.run_one_test.(fun) in file "src/lib/ounit2/advanced/oUnitRunner.ml", line 83, characters 13-26
>
> test `test_map_contains_after_inserted`
> raised exception `Failure("unimplemented")`
> on `(0, "") (after 34 shrink steps)`
> Raised at Stdlib.failwith in file "stdlib.ml", line 29, characters 17-33
> Called from Dune__exe__Pbt.test_map_contains_after_inserted.(fun) in file "test/pbt/pbt.ml", line 184, characters 13-27
> Called from QCheck2.Test.run_law in file "src/core/QCheck2.ml", line 1410, characters 9-14
> Called from QCheck2.Test.check_state_input in file "src/core/QCheck2.ml", line 1533, characters 20-48
>
> ------------------------------------------------------------------------------
> ==============================================================================
> Error: public:12:test_int_max_inc.
>
> File "/mnt/c/Users/Haxorouse/Documents/GitHub/cmsc330spring22/project2b/_build/default/test/pbt/oUnit-public-Celestrium#02.log", line 45, characters 1-1:
> Error: public:12:test_int_max_inc (in the log).
>
> Raised at QCheck2.Test.check_result in file "src/core/QCheck2.ml", line 1762, characters 6-78
> Called from OUnitRunner.run_one_test.(fun) in file "src/lib/ounit2/advanced/oUnitRunner.ml", line 83, characters 13-26
>
> test `test_int_max_inc` raised exception `Failure("unimplemented")`
> on `0 (after 2 shrink steps)`
> Raised at Stdlib.failwith in file "stdlib.ml", line 29, characters 17-33
> Called from Dune__exe__Pbt.test_int_max_inc.(fun) in file "test/pbt/pbt.ml", line 170, characters 13-30
> Called from QCheck2.Test.run_law in file "src/core/QCheck2.ml", line 1410, characters 9-14
> Called from QCheck2.Test.check_state_input in file "src/core/QCheck2.ml", line 1533, characters 20-48
>
> ------------------------------------------------------------------------------
> ==============================================================================
> Error: public:11:test_int_size_inc .
>
> File "/mnt/c/Users/Haxorouse/Documents/GitHub/cmsc330spring22/project2b/_build/default/test/pbt/oUnit-public-Celestrium#03.log", line 44, characters 1-1:
> Error: public:11:test_int_size_inc  (in the log).
>
> Raised at QCheck2.Test.check_result in file "src/core/QCheck2.ml", line 1762, characters 6-78
> Called from OUnitRunner.run_one_test.(fun) in file "src/lib/ounit2/advanced/oUnitRunner.ml", line 83, characters 13-26
>
> test `test_int_size_inc ` raised exception `Failure("unimplemented")` on `0`
> Raised at Stdlib.failwith in file "stdlib.ml", line 29, characters 17-33
> Called from Dune__exe__Pbt.test_int_size_inc.(fun) in file "test/pbt/pbt.ml", line 154, characters 27-44
> Called from QCheck2.Test.run_law in file "src/core/QCheck2.ml", line 1410, characters 9-14
> Called from QCheck2.Test.check_state_input in file "src/core/QCheck2.ml", line 1533, characters 20-48
>
> ------------------------------------------------------------------------------
> ==============================================================================
> Error: public:10:test_int_mem_after_inserting .
>
> File "/mnt/c/Users/Haxorouse/Documents/GitHub/cmsc330spring22/project2b/_build/default/test/pbt/oUnit-public-Celestrium#04.log", line 20, characters 1-1:
> Error: public:10:test_int_mem_after_inserting  (in the log).
>
> Raised at QCheck2.Test.check_result in file "src/core/QCheck2.ml", line 1762, characters 6-78
> Called from OUnitRunner.run_one_test.(fun) in file "src/lib/ounit2/advanced/oUnitRunner.ml", line 83, characters 13-26
>
> test `test_int_mem_after_inserting `
> raised exception `Failure("unimplemented")` on `0`
> Raised at Stdlib.failwith in file "stdlib.ml", line 29, characters 17-33
> Called from Dune__exe__Pbt.test_int_mem_after_inserting.(fun) in file "test/pbt/pbt.ml", line 143, characters 13-28
> Called from QCheck2.Test.run_law in file "src/core/QCheck2.ml", line 1410, characters 9-14
> Called from QCheck2.Test.check_state_input in file "src/core/QCheck2.ml", line 1533, characters 20-48
>
> ------------------------------------------------------------------------------
> ==============================================================================
> Error: public:9:test_int_insert_twice_size_same.
>
> File "/mnt/c/Users/Haxorouse/Documents/GitHub/cmsc330spring22/project2b/_build/default/test/pbt/oUnit-public-Celestrium#02.log", line 20, characters 1-1:
> Error: public:9:test_int_insert_twice_size_same (in the log).
>
> Raised at QCheck2.Test.check_result in file "src/core/QCheck2.ml", line 1762, characters 6-78
> Called from OUnitRunner.run_one_test.(fun) in file "src/lib/ounit2/advanced/oUnitRunner.ml", line 83, characters 13-26
>
> test `test_int_insert_twice_size_same`
> raised exception `Failure("unimplemented")` on `0`
> Raised at Stdlib.failwith in file "stdlib.ml", line 29, characters 17-33
> Called from Dune__exe__Pbt.test_int_insert_twice_size_same.(fun) in file "test/pbt/pbt.ml", line 131, characters 13-28
> Called from QCheck2.Test.run_law in file "src/core/QCheck2.ml", line 1410, characters 9-14
> Called from QCheck2.Test.check_state_input in file "src/core/QCheck2.ml", line 1533, characters 20-48
>
> ------------------------------------------------------------------------------
> ==============================================================================
> Error: public:8:test_int_insert_size_should_inc.
>
> File "/mnt/c/Users/Haxorouse/Documents/GitHub/cmsc330spring22/project2b/_build/default/test/pbt/oUnit-public-Celestrium#03.log", line 20, characters 1-1:
> Error: public:8:test_int_insert_size_should_inc (in the log).
>
> Raised at QCheck2.Test.check_result in file "src/core/QCheck2.ml", line 1762, characters 6-78
> Called from OUnitRunner.run_one_test.(fun) in file "src/lib/ounit2/advanced/oUnitRunner.ml", line 83, characters 13-26
>
> test `test_int_insert_size_should_inc`
> raised exception `Failure("unimplemented")` on `0`
> Raised at Stdlib.failwith in file "stdlib.ml", line 29, characters 17-33
> Called from Dune__exe__Pbt.test_int_insert_size_should_inc.(fun) in file "test/pbt/pbt.ml", line 120, characters 13-28
> Called from QCheck2.Test.run_law in file "src/core/QCheck2.ml", line 1410, characters 9-14
> Called from QCheck2.Test.check_state_input in file "src/core/QCheck2.ml", line 1533, characters 20-48
>
> ------------------------------------------------------------------------------
> Ran: 17 tests in: 1.29 seconds.
> FAILED: Cases: 17 Tried: 17 Errors: 9 Failures: 0 Skip:  0 Todo: 0 Timeouts: 0.
[1]
